
-------------------------------------------------------------------------------
Parsing project file - C:\Program Files (x86)\Steam\steamapps\common\DarkestDungeon\mods\trinkets-gylls-patch\project.xml
Mod Data Directory = C:/Program Files (x86)/Steam/steamapps/common/DarkestDungeon/mods/trinkets-gylls-patch/

-------------------------------------------------------------------------------
Processing Map Files files...

-------------------------------------------------------------------------------
Running Localization...
Parsing localization/trinketsplus.string_table.xml

Building Languages

+++++++++++++++++++++++++++++++++++++++++
Error english - buff_stat_tooltip_upgrade_discount_deletertooltip
----------
Couldn't find colour trinketsreworkinvisible in {colour_start|trinketsreworkinvisible}​​​​​​​​​​​​​​​​​​​​​​​​​​​​​​​​​​​​​​​​​​​​​​​​​​​​​​​​​​​​​​​​​​​​​​​​​​​​​​​​​​​​​​​​​​​​​​​​​​​​​​​​​​​​​​​​​​​​​​​​​​​​​​​​​​​​​​​​​​

+++++++++++++++++++++++++++++++++++++++++
Error english - buff_stat_tooltip_upgrade_discount_Loc_crystal_drops_Tooltip1
----------
Couldn't find colour comet in {colour_start|comet}Comet Shards{colour_end}
----------

+++++++++++++++++++++++++++++++++++++++++
Error french - buff_stat_tooltip_upgrade_discount_deletertooltip
----------
Couldn't find colour trinketsreworkinvisible in {colour_start|trinketsreworkinvisible}​​​​​​​​​​​​​​​​​​​​​​​​​​​​​​​​​​​​​​​​​​​​​​​​​​​​​​​​​​​​​​​​​​​​​​​​​​​​​​​​​​​​​​​​​​​​​​​​​​​​​​​​​​​​​​​​​​​​​​​​​​​​​​​​​​​​​​​​​​

+++++++++++++++++++++++++++++++++++++++++
Error french - buff_stat_tooltip_upgrade_discount_Loc_crystal_drops_Tooltip1
----------
Couldn't find colour comet in {colour_start|comet}Comet Shards{colour_end}
----------

+++++++++++++++++++++++++++++++++++++++++
Error german - buff_stat_tooltip_upgrade_discount_deletertooltip
----------
Couldn't find colour trinketsreworkinvisible in {colour_start|trinketsreworkinvisible}​​​​​​​​​​​​​​​​​​​​​​​​​​​​​​​​​​​​​​​​​​​​​​​​​​​​​​​​​​​​​​​​​​​​​​​​​​​​​​​​​​​​​​​​​​​​​​​​​​​​​​​​​​​​​​​​​​​​​​​​​​​​​​​​​​​​​​​​​​

+++++++++++++++++++++++++++++++++++++++++
Error german - buff_stat_tooltip_upgrade_discount_Loc_crystal_drops_Tooltip1
----------
Couldn't find colour comet in {colour_start|comet}Comet Shards{colour_end}
----------

+++++++++++++++++++++++++++++++++++++++++
Error spanish - buff_stat_tooltip_upgrade_discount_deletertooltip
----------
Couldn't find colour trinketsreworkinvisible in {colour_start|trinketsreworkinvisible}​​​​​​​​​​​​​​​​​​​​​​​​​​​​​​​​​​​​​​​​​​​​​​​​​​​​​​​​​​​​​​​​​​​​​​​​​​​​​​​​​​​​​​​​​​​​​​​​​​​​​​​​​​​​​​​​​​​​​​​​​​​​​​​​​​​​​​​​​​

+++++++++++++++++++++++++++++++++++++++++
Error spanish - buff_stat_tooltip_upgrade_discount_Loc_crystal_drops_Tooltip1
----------
Couldn't find colour comet in {colour_start|comet}Comet Shards{colour_end}
----------

+++++++++++++++++++++++++++++++++++++++++
Error italian - buff_stat_tooltip_upgrade_discount_deletertooltip
----------
Couldn't find colour trinketsreworkinvisible in {colour_start|trinketsreworkinvisible}​​​​​​​​​​​​​​​​​​​​​​​​​​​​​​​​​​​​​​​​​​​​​​​​​​​​​​​​​​​​​​​​​​​​​​​​​​​​​​​​​​​​​​​​​​​​​​​​​​​​​​​​​​​​​​​​​​​​​​​​​​​​​​​​​​​​​​​​​​

+++++++++++++++++++++++++++++++++++++++++
Error italian - buff_stat_tooltip_upgrade_discount_Loc_crystal_drops_Tooltip1
----------
Couldn't find colour comet in {colour_start|comet}Comet Shards{colour_end}
----------

+++++++++++++++++++++++++++++++++++++++++
Error polish - buff_stat_tooltip_upgrade_discount_deletertooltip
----------
Couldn't find colour trinketsreworkinvisible in {colour_start|trinketsreworkinvisible}​​​​​​​​​​​​​​​​​​​​​​​​​​​​​​​​​​​​​​​​​​​​​​​​​​​​​​​​​​​​​​​​​​​​​​​​​​​​​​​​​​​​​​​​​​​​​​​​​​​​​​​​​​​​​​​​​​​​​​​​​​​​​​​​​​​​​​​​​​

+++++++++++++++++++++++++++++++++++++++++
Error polish - buff_stat_tooltip_upgrade_discount_Loc_crystal_drops_Tooltip1
----------
Couldn't find colour comet in {colour_start|comet}Comet Shards{colour_end}
----------

+++++++++++++++++++++++++++++++++++++++++
Error russian - buff_stat_tooltip_upgrade_discount_deletertooltip
----------
Couldn't find colour trinketsreworkinvisible in {colour_start|trinketsreworkinvisible}​​​​​​​​​​​​​​​​​​​​​​​​​​​​​​​​​​​​​​​​​​​​​​​​​​​​​​​​​​​​​​​​​​​​​​​​​​​​​​​​​​​​​​​​​​​​​​​​​​​​​​​​​​​​​​​​​​​​​​​​​​​​​​​​​​​​​​​​​​

+++++++++++++++++++++++++++++++++++++++++
Error russian - buff_stat_tooltip_upgrade_discount_Loc_crystal_drops_Tooltip1
----------
Couldn't find colour comet in {colour_start|comet}Comet Shards{colour_end}
----------

+++++++++++++++++++++++++++++++++++++++++
Error brazilian - buff_stat_tooltip_upgrade_discount_deletertooltip
----------
Couldn't find colour trinketsreworkinvisible in {colour_start|trinketsreworkinvisible}​​​​​​​​​​​​​​​​​​​​​​​​​​​​​​​​​​​​​​​​​​​​​​​​​​​​​​​​​​​​​​​​​​​​​​​​​​​​​​​​​​​​​​​​​​​​​​​​​​​​​​​​​​​​​​​​​​​​​​​​​​​​​​​​​​​​​​​​​​

+++++++++++++++++++++++++++++++++++++++++
Error brazilian - buff_stat_tooltip_upgrade_discount_Loc_crystal_drops_Tooltip1
----------
Couldn't find colour comet in {colour_start|comet}Comet Shards{colour_end}
----------

+++++++++++++++++++++++++++++++++++++++++
Error czech - buff_stat_tooltip_upgrade_discount_deletertooltip
----------
Couldn't find colour trinketsreworkinvisible in {colour_start|trinketsreworkinvisible}​​​​​​​​​​​​​​​​​​​​​​​​​​​​​​​​​​​​​​​​​​​​​​​​​​​​​​​​​​​​​​​​​​​​​​​​​​​​​​​​​​​​​​​​​​​​​​​​​​​​​​​​​​​​​​​​​​​​​​​​​​​​​​​​​​​​​​​​​​

+++++++++++++++++++++++++++++++++++++++++
Error czech - buff_stat_tooltip_upgrade_discount_Loc_crystal_drops_Tooltip1
----------
Couldn't find colour comet in {colour_start|comet}Comet Shards{colour_end}
----------

+++++++++++++++++++++++++++++++++++++++++
Error japanese - buff_stat_tooltip_upgrade_discount_deletertooltip
----------
Couldn't find colour trinketsreworkinvisible in {colour_start|trinketsreworkinvisible}​​​​​​​​​​​​​​​​​​​​​​​​​​​​​​​​​​​​​​​​​​​​​​​​​​​​​​​​​​​​​​​​​​​​​​​​​​​​​​​​​​​​​​​​​​​​​​​​​​​​​​​​​​​​​​​​​​​​​​​​​​​​​​​​​​​​​​​​​​

+++++++++++++++++++++++++++++++++++++++++
Error japanese - buff_stat_tooltip_upgrade_discount_Loc_crystal_drops_Tooltip1
----------
Couldn't find colour comet in {colour_start|comet}Comet Shards{colour_end}
----------

+++++++++++++++++++++++++++++++++++++++++
Error schinese - buff_stat_tooltip_upgrade_discount_deletertooltip
----------
Couldn't find colour trinketsreworkinvisible in {colour_start|trinketsreworkinvisible}​​​​​​​​​​​​​​​​​​​​​​​​​​​​​​​​​​​​​​​​​​​​​​​​​​​​​​​​​​​​​​​​​​​​​​​​​​​​​​​​​​​​​​​​​​​​​​​​​​​​​​​​​​​​​​​​​​​​​​​​​​​​​​​​​​​​​​​​​​

+++++++++++++++++++++++++++++++++++++++++
Error schinese - buff_stat_tooltip_upgrade_discount_Loc_crystal_drops_Tooltip1
----------
Couldn't find colour comet in {colour_start|comet}彗星碎片{colour_end}
----------

+++++++++++++++++++++++++++++++++++++++++
Error koreana - buff_stat_tooltip_upgrade_discount_deletertooltip
----------
Couldn't find colour trinketsreworkinvisible in {colour_start|trinketsreworkinvisible}​​​​​​​​​​​​​​​​​​​​​​​​​​​​​​​​​​​​​​​​​​​​​​​​​​​​​​​​​​​​​​​​​​​​​​​​​​​​​​​​​​​​​​​​​​​​​​​​​​​​​​​​​​​​​​​​​​​​​​​​​​​​​​​​​​​​​​​​​​

+++++++++++++++++++++++++++++++++++++++++
Error koreana - buff_stat_tooltip_upgrade_discount_Loc_crystal_drops_Tooltip1
----------
Couldn't find colour comet in {colour_start|comet}Comet Shards{colour_end}
----------

+++++++++++++++++++++++++++++++++++++++++
Error koreanb - buff_stat_tooltip_upgrade_discount_deletertooltip
----------
Couldn't find colour trinketsreworkinvisible in {colour_start|trinketsreworkinvisible}​​​​​​​​​​​​​​​​​​​​​​​​​​​​​​​​​​​​​​​​​​​​​​​​​​​​​​​​​​​​​​​​​​​​​​​​​​​​​​​​​​​​​​​​​​​​​​​​​​​​​​​​​​​​​​​​​​​​​​​​​​​​​​​​​​​​​​​​​​

+++++++++++++++++++++++++++++++++++++++++
Error koreanb - buff_stat_tooltip_upgrade_discount_Loc_crystal_drops_Tooltip1
----------
Couldn't find colour comet in {colour_start|comet}Comet Shards{colour_end}
----------
Exporting .loc2 files

-------------------------------------------------------------------------------
Searching for preview icon file C:/Program Files (x86)/Steam/steamapps/common/DarkestDungeon/mods/trinkets-gylls-patch/preview_icon.png...FOUND!
<UploadMode> - Set to direct_upload


-------------------------------------------------------------------------------
Detected 1 unchanged files
The following files are unchanged and will be uploaded...

-------------------------------------------------------------------------------
Modded files...

shared/buffs/t_rework_pd.buffs.json
effects/t_rework.effects.darkest
localization/3090678406_brazilian.loc2
localization/3090678406_czech.loc2
localization/3090678406_english.loc2
localization/3090678406_french.loc2
localization/3090678406_german.loc2
localization/3090678406_italian.loc2
localization/3090678406_japanese.loc2
localization/3090678406_koreana.loc2
localization/3090678406_koreanb.loc2
localization/3090678406_polish.loc2
localization/3090678406_russian.loc2
localization/3090678406_schinese.loc2
localization/3090678406_spanish.loc2
localization/missing_files.txt
trinkets/plague_doctor.entries.trinkets.json
preview_icon.png
project.xml
steam_workshop_uploader.log

Submitting...........................................................................Submitted.
Saving project file C:\Program Files (x86)\Steam\steamapps\common\DarkestDungeon\mods\trinkets-gylls-patch\project.xml

